[2017-12-22 06:42:37] local.ERROR: PDOException: SQLSTATE[HY000] [1045] Access denied for user 'db_username'@'localhost' (using password: YES) in E:\www\Laravel CMS Source Code\android\Laravel CMS Source Code-android\Source Code\vendor\laravel\framework\src\Illuminate\Database\Connectors\Connector.php:68
Stack trace:
#0 E:\www\Laravel CMS Source Code\android\Laravel CMS Source Code-android\Source Code\vendor\laravel\framework\src\Illuminate\Database\Connectors\Connector.php(68): PDO->__construct('mysql:host=127....', 'db_username', 'db_password', Array)
#1 E:\www\Laravel CMS Source Code\android\Laravel CMS Source Code-android\Source Code\vendor\laravel\framework\src\Illuminate\Database\Connectors\Connector.php(43): Illuminate\Database\Connectors\Connector->createPdoConnection('mysql:host=127....', 'db_username', 'db_password', Array)
#2 E:\www\Laravel CMS Source Code\android\Laravel CMS Source Code-android\Source Code\vendor\laravel\framework\src\Illuminate\Database\Connectors\MySqlConnector.php(24): Illuminate\Database\Connectors\Connector->createConnection('mysql:host=127....', Array, Array)
#3 E:\www\Laravel CMS Source Code\android\Laravel CMS Source Code-android\Source Code\vendor\laravel\framework\src\Illuminate\Database\Connectors\ConnectionFactory.php(183): Illuminate\Database\Connectors\MySqlConnector->connect(Array)
#4 [internal function]: Illuminate\Database\Connectors\ConnectionFactory->Illuminate\Database\Connectors\{closure}()
#5 E:\www\Laravel CMS Source Code\android\Laravel CMS Source Code-android\Source Code\vendor\laravel\framework\src\Illuminate\Database\Connection.php(883): call_user_func(Object(Closure))
#6 E:\www\Laravel CMS Source Code\android\Laravel CMS Source Code-android\Source Code\vendor\laravel\framework\src\Illuminate\Database\Connection.php(904): Illuminate\Database\Connection->getPdo()
#7 E:\www\Laravel CMS Source Code\android\Laravel CMS Source Code-android\Source Code\vendor\laravel\framework\src\Illuminate\Database\Connection.php(392): Illuminate\Database\Connection->getReadPdo()
#8 E:\www\Laravel CMS Source Code\android\Laravel CMS Source Code-android\Source Code\vendor\laravel\framework\src\Illuminate\Database\Connection.php(318): Illuminate\Database\Connection->getPdoForSelect(true)
#9 E:\www\Laravel CMS Source Code\android\Laravel CMS Source Code-android\Source Code\vendor\laravel\framework\src\Illuminate\Database\Connection.php(640): Illuminate\Database\Connection->Illuminate\Database\{closure}('select * from `...', Array)
#10 E:\www\Laravel CMS Source Code\android\Laravel CMS Source Code-android\Source Code\vendor\laravel\framework\src\Illuminate\Database\Connection.php(607): Illuminate\Database\Connection->runQueryCallback('select * from `...', Array, Object(Closure))
#11 E:\www\Laravel CMS Source Code\android\Laravel CMS Source Code-android\Source Code\vendor\laravel\framework\src\Illuminate\Database\Connection.php(326): Illuminate\Database\Connection->run('select * from `...', Array, Object(Closure))
#12 E:\www\Laravel CMS Source Code\android\Laravel CMS Source Code-android\Source Code\vendor\laravel\framework\src\Illuminate\Database\Query\Builder.php(1705): Illuminate\Database\Connection->select('select * from `...', Array, true)
#13 E:\www\Laravel CMS Source Code\android\Laravel CMS Source Code-android\Source Code\vendor\laravel\framework\src\Illuminate\Database\Query\Builder.php(1690): Illuminate\Database\Query\Builder->runSelect()
#14 E:\www\Laravel CMS Source Code\android\Laravel CMS Source Code-android\Source Code\app\Providers\AppServiceProvider.php(22): Illuminate\Database\Query\Builder->get()
#15 [internal function]: App\Providers\AppServiceProvider->boot()
#16 E:\www\Laravel CMS Source Code\android\Laravel CMS Source Code-android\Source Code\vendor\laravel\framework\src\Illuminate\Container\BoundMethod.php(29): call_user_func_array(Array, Array)
#17 E:\www\Laravel CMS Source Code\android\Laravel CMS Source Code-android\Source Code\vendor\laravel\framework\src\Illuminate\Container\BoundMethod.php(87): Illuminate\Container\BoundMethod::Illuminate\Container\{closure}()
#18 E:\www\Laravel CMS Source Code\android\Laravel CMS Source Code-android\Source Code\vendor\laravel\framework\src\Illuminate\Container\BoundMethod.php(31): Illuminate\Container\BoundMethod::callBoundMethod(Object(Illuminate\Foundation\Application), Array, Object(Closure))
#19 E:\www\Laravel CMS Source Code\android\Laravel CMS Source Code-android\Source Code\vendor\laravel\framework\src\Illuminate\Container\Container.php(539): Illuminate\Container\BoundMethod::call(Object(Illuminate\Foundation\Application), Array, Array, NULL)
#20 E:\www\Laravel CMS Source Code\android\Laravel CMS Source Code-android\Source Code\vendor\laravel\framework\src\Illuminate\Foundation\Application.php(788): Illuminate\Container\Container->call(Array)
#21 E:\www\Laravel CMS Source Code\android\Laravel CMS Source Code-android\Source Code\vendor\laravel\framework\src\Illuminate\Foundation\Application.php(771): Illuminate\Foundation\Application->bootProvider(Object(App\Providers\AppServiceProvider))
#22 [internal function]: Illuminate\Foundation\Application->Illuminate\Foundation\{closure}(Object(App\Providers\AppServiceProvider), 14)
#23 E:\www\Laravel CMS Source Code\android\Laravel CMS Source Code-android\Source Code\vendor\laravel\framework\src\Illuminate\Foundation\Application.php(772): array_walk(Array, Object(Closure))
#24 E:\www\Laravel CMS Source Code\android\Laravel CMS Source Code-android\Source Code\vendor\laravel\framework\src\Illuminate\Foundation\Bootstrap\BootProviders.php(17): Illuminate\Foundation\Application->boot()
#25 E:\www\Laravel CMS Source Code\android\Laravel CMS Source Code-android\Source Code\vendor\laravel\framework\src\Illuminate\Foundation\Application.php(208): Illuminate\Foundation\Bootstrap\BootProviders->bootstrap(Object(Illuminate\Foundation\Application))
#26 E:\www\Laravel CMS Source Code\android\Laravel CMS Source Code-android\Source Code\vendor\laravel\framework\src\Illuminate\Foundation\Http\Kernel.php(162): Illuminate\Foundation\Application->bootstrapWith(Array)
#27 E:\www\Laravel CMS Source Code\android\Laravel CMS Source Code-android\Source Code\vendor\laravel\framework\src\Illuminate\Foundation\Http\Kernel.php(146): Illuminate\Foundation\Http\Kernel->bootstrap()
#28 E:\www\Laravel CMS Source Code\android\Laravel CMS Source Code-android\Source Code\vendor\laravel\framework\src\Illuminate\Foundation\Http\Kernel.php(116): Illuminate\Foundation\Http\Kernel->sendRequestThroughRouter(Object(Illuminate\Http\Request))
#29 E:\www\Laravel CMS Source Code\android\Laravel CMS Source Code-android\Source Code\public\index.php(53): Illuminate\Foundation\Http\Kernel->handle(Object(Illuminate\Http\Request))
#30 E:\www\Laravel CMS Source Code\android\Laravel CMS Source Code-android\Source Code\index.php(21): require_once('E:\\www\\Laravel ...')
#31 {main}  
[2017-12-22 06:42:37] local.ERROR: PDOException: SQLSTATE[HY000] [1045] Access denied for user 'db_username'@'localhost' (using password: YES) in E:\www\Laravel CMS Source Code\android\Laravel CMS Source Code-android\Source Code\vendor\laravel\framework\src\Illuminate\Database\Connectors\Connector.php:68
Stack trace:
#0 E:\www\Laravel CMS Source Code\android\Laravel CMS Source Code-android\Source Code\vendor\laravel\framework\src\Illuminate\Database\Connectors\Connector.php(68): PDO->__construct('mysql:host=127....', 'db_username', 'db_password', Array)
#1 E:\www\Laravel CMS Source Code\android\Laravel CMS Source Code-android\Source Code\vendor\laravel\framework\src\Illuminate\Database\Connectors\Connector.php(43): Illuminate\Database\Connectors\Connector->createPdoConnection('mysql:host=127....', 'db_username', 'db_password', Array)
#2 E:\www\Laravel CMS Source Code\android\Laravel CMS Source Code-android\Source Code\vendor\laravel\framework\src\Illuminate\Database\Connectors\MySqlConnector.php(24): Illuminate\Database\Connectors\Connector->createConnection('mysql:host=127....', Array, Array)
#3 E:\www\Laravel CMS Source Code\android\Laravel CMS Source Code-android\Source Code\vendor\laravel\framework\src\Illuminate\Database\Connectors\ConnectionFactory.php(183): Illuminate\Database\Connectors\MySqlConnector->connect(Array)
#4 [internal function]: Illuminate\Database\Connectors\ConnectionFactory->Illuminate\Database\Connectors\{closure}()
#5 E:\www\Laravel CMS Source Code\android\Laravel CMS Source Code-android\Source Code\vendor\laravel\framework\src\Illuminate\Database\Connection.php(883): call_user_func(Object(Closure))
#6 E:\www\Laravel CMS Source Code\android\Laravel CMS Source Code-android\Source Code\vendor\laravel\framework\src\Illuminate\Database\Connection.php(904): Illuminate\Database\Connection->getPdo()
#7 E:\www\Laravel CMS Source Code\android\Laravel CMS Source Code-android\Source Code\vendor\laravel\framework\src\Illuminate\Database\Connection.php(392): Illuminate\Database\Connection->getReadPdo()
#8 E:\www\Laravel CMS Source Code\android\Laravel CMS Source Code-android\Source Code\vendor\laravel\framework\src\Illuminate\Database\Connection.php(318): Illuminate\Database\Connection->getPdoForSelect(true)
#9 E:\www\Laravel CMS Source Code\android\Laravel CMS Source Code-android\Source Code\vendor\laravel\framework\src\Illuminate\Database\Connection.php(640): Illuminate\Database\Connection->Illuminate\Database\{closure}('select * from `...', Array)
#10 E:\www\Laravel CMS Source Code\android\Laravel CMS Source Code-android\Source Code\vendor\laravel\framework\src\Illuminate\Database\Connection.php(607): Illuminate\Database\Connection->runQueryCallback('select * from `...', Array, Object(Closure))
#11 E:\www\Laravel CMS Source Code\android\Laravel CMS Source Code-android\Source Code\vendor\laravel\framework\src\Illuminate\Database\Connection.php(326): Illuminate\Database\Connection->run('select * from `...', Array, Object(Closure))
#12 E:\www\Laravel CMS Source Code\android\Laravel CMS Source Code-android\Source Code\vendor\laravel\framework\src\Illuminate\Database\Query\Builder.php(1705): Illuminate\Database\Connection->select('select * from `...', Array, true)
#13 E:\www\Laravel CMS Source Code\android\Laravel CMS Source Code-android\Source Code\vendor\laravel\framework\src\Illuminate\Database\Query\Builder.php(1690): Illuminate\Database\Query\Builder->runSelect()
#14 E:\www\Laravel CMS Source Code\android\Laravel CMS Source Code-android\Source Code\app\Providers\AppServiceProvider.php(22): Illuminate\Database\Query\Builder->get()
#15 [internal function]: App\Providers\AppServiceProvider->boot()
#16 E:\www\Laravel CMS Source Code\android\Laravel CMS Source Code-android\Source Code\vendor\laravel\framework\src\Illuminate\Container\BoundMethod.php(29): call_user_func_array(Array, Array)
#17 E:\www\Laravel CMS Source Code\android\Laravel CMS Source Code-android\Source Code\vendor\laravel\framework\src\Illuminate\Container\BoundMethod.php(87): Illuminate\Container\BoundMethod::Illuminate\Container\{closure}()
#18 E:\www\Laravel CMS Source Code\android\Laravel CMS Source Code-android\Source Code\vendor\laravel\framework\src\Illuminate\Container\BoundMethod.php(31): Illuminate\Container\BoundMethod::callBoundMethod(Object(Illuminate\Foundation\Application), Array, Object(Closure))
#19 E:\www\Laravel CMS Source Code\android\Laravel CMS Source Code-android\Source Code\vendor\laravel\framework\src\Illuminate\Container\Container.php(539): Illuminate\Container\BoundMethod::call(Object(Illuminate\Foundation\Application), Array, Array, NULL)
#20 E:\www\Laravel CMS Source Code\android\Laravel CMS Source Code-android\Source Code\vendor\laravel\framework\src\Illuminate\Foundation\Application.php(788): Illuminate\Container\Container->call(Array)
#21 E:\www\Laravel CMS Source Code\android\Laravel CMS Source Code-android\Source Code\vendor\laravel\framework\src\Illuminate\Foundation\Application.php(771): Illuminate\Foundation\Application->bootProvider(Object(App\Providers\AppServiceProvider))
#22 [internal function]: Illuminate\Foundation\Application->Illuminate\Foundation\{closure}(Object(App\Providers\AppServiceProvider), 14)
#23 E:\www\Laravel CMS Source Code\android\Laravel CMS Source Code-android\Source Code\vendor\laravel\framework\src\Illuminate\Foundation\Application.php(772): array_walk(Array, Object(Closure))
#24 E:\www\Laravel CMS Source Code\android\Laravel CMS Source Code-android\Source Code\vendor\laravel\framework\src\Illuminate\Foundation\Bootstrap\BootProviders.php(17): Illuminate\Foundation\Application->boot()
#25 E:\www\Laravel CMS Source Code\android\Laravel CMS Source Code-android\Source Code\vendor\laravel\framework\src\Illuminate\Foundation\Application.php(208): Illuminate\Foundation\Bootstrap\BootProviders->bootstrap(Object(Illuminate\Foundation\Application))
#26 E:\www\Laravel CMS Source Code\android\Laravel CMS Source Code-android\Source Code\vendor\laravel\framework\src\Illuminate\Foundation\Http\Kernel.php(162): Illuminate\Foundation\Application->bootstrapWith(Array)
#27 E:\www\Laravel CMS Source Code\android\Laravel CMS Source Code-android\Source Code\vendor\laravel\framework\src\Illuminate\Foundation\Http\Kernel.php(146): Illuminate\Foundation\Http\Kernel->bootstrap()
#28 E:\www\Laravel CMS Source Code\android\Laravel CMS Source Code-android\Source Code\vendor\laravel\framework\src\Illuminate\Foundation\Http\Kernel.php(116): Illuminate\Foundation\Http\Kernel->sendRequestThroughRouter(Object(Illuminate\Http\Request))
#29 E:\www\Laravel CMS Source Code\android\Laravel CMS Source Code-android\Source Code\public\index.php(53): Illuminate\Foundation\Http\Kernel->handle(Object(Illuminate\Http\Request))
#30 E:\www\Laravel CMS Source Code\android\Laravel CMS Source Code-android\Source Code\index.php(21): require_once('E:\\www\\Laravel ...')
#31 {main}

Next Illuminate\Database\QueryException: SQLSTATE[HY000] [1045] Access denied for user 'db_username'@'localhost' (using password: YES) (SQL: select * from `orders` left join `customers` on `customers`.`customers_id` = `orders`.`customers_id` where `orders`.`is_seen` = 0 order by `orders_id` desc) in E:\www\Laravel CMS Source Code\android\Laravel CMS Source Code-android\Source Code\vendor\laravel\framework\src\Illuminate\Database\Connection.php:647
Stack trace:
#0 E:\www\Laravel CMS Source Code\android\Laravel CMS Source Code-android\Source Code\vendor\laravel\framework\src\Illuminate\Database\Connection.php(607): Illuminate\Database\Connection->runQueryCallback('select * from `...', Array, Object(Closure))
#1 E:\www\Laravel CMS Source Code\android\Laravel CMS Source Code-android\Source Code\vendor\laravel\framework\src\Illuminate\Database\Connection.php(326): Illuminate\Database\Connection->run('select * from `...', Array, Object(Closure))
#2 E:\www\Laravel CMS Source Code\android\Laravel CMS Source Code-android\Source Code\vendor\laravel\framework\src\Illuminate\Database\Query\Builder.php(1705): Illuminate\Database\Connection->select('select * from `...', Array, true)
#3 E:\www\Laravel CMS Source Code\android\Laravel CMS Source Code-android\Source Code\vendor\laravel\framework\src\Illuminate\Database\Query\Builder.php(1690): Illuminate\Database\Query\Builder->runSelect()
#4 E:\www\Laravel CMS Source Code\android\Laravel CMS Source Code-android\Source Code\app\Providers\AppServiceProvider.php(22): Illuminate\Database\Query\Builder->get()
#5 [internal function]: App\Providers\AppServiceProvider->boot()
#6 E:\www\Laravel CMS Source Code\android\Laravel CMS Source Code-android\Source Code\vendor\laravel\framework\src\Illuminate\Container\BoundMethod.php(29): call_user_func_array(Array, Array)
#7 E:\www\Laravel CMS Source Code\android\Laravel CMS Source Code-android\Source Code\vendor\laravel\framework\src\Illuminate\Container\BoundMethod.php(87): Illuminate\Container\BoundMethod::Illuminate\Container\{closure}()
#8 E:\www\Laravel CMS Source Code\android\Laravel CMS Source Code-android\Source Code\vendor\laravel\framework\src\Illuminate\Container\BoundMethod.php(31): Illuminate\Container\BoundMethod::callBoundMethod(Object(Illuminate\Foundation\Application), Array, Object(Closure))
#9 E:\www\Laravel CMS Source Code\android\Laravel CMS Source Code-android\Source Code\vendor\laravel\framework\src\Illuminate\Container\Container.php(539): Illuminate\Container\BoundMethod::call(Object(Illuminate\Foundation\Application), Array, Array, NULL)
#10 E:\www\Laravel CMS Source Code\android\Laravel CMS Source Code-android\Source Code\vendor\laravel\framework\src\Illuminate\Foundation\Application.php(788): Illuminate\Container\Container->call(Array)
#11 E:\www\Laravel CMS Source Code\android\Laravel CMS Source Code-android\Source Code\vendor\laravel\framework\src\Illuminate\Foundation\Application.php(771): Illuminate\Foundation\Application->bootProvider(Object(App\Providers\AppServiceProvider))
#12 [internal function]: Illuminate\Foundation\Application->Illuminate\Foundation\{closure}(Object(App\Providers\AppServiceProvider), 14)
#13 E:\www\Laravel CMS Source Code\android\Laravel CMS Source Code-android\Source Code\vendor\laravel\framework\src\Illuminate\Foundation\Application.php(772): array_walk(Array, Object(Closure))
#14 E:\www\Laravel CMS Source Code\android\Laravel CMS Source Code-android\Source Code\vendor\laravel\framework\src\Illuminate\Foundation\Bootstrap\BootProviders.php(17): Illuminate\Foundation\Application->boot()
#15 E:\www\Laravel CMS Source Code\android\Laravel CMS Source Code-android\Source Code\vendor\laravel\framework\src\Illuminate\Foundation\Application.php(208): Illuminate\Foundation\Bootstrap\BootProviders->bootstrap(Object(Illuminate\Foundation\Application))
#16 E:\www\Laravel CMS Source Code\android\Laravel CMS Source Code-android\Source Code\vendor\laravel\framework\src\Illuminate\Foundation\Http\Kernel.php(162): Illuminate\Foundation\Application->bootstrapWith(Array)
#17 E:\www\Laravel CMS Source Code\android\Laravel CMS Source Code-android\Source Code\vendor\laravel\framework\src\Illuminate\Foundation\Http\Kernel.php(146): Illuminate\Foundation\Http\Kernel->bootstrap()
#18 E:\www\Laravel CMS Source Code\android\Laravel CMS Source Code-android\Source Code\vendor\laravel\framework\src\Illuminate\Foundation\Http\Kernel.php(116): Illuminate\Foundation\Http\Kernel->sendRequestThroughRouter(Object(Illuminate\Http\Request))
#19 E:\www\Laravel CMS Source Code\android\Laravel CMS Source Code-android\Source Code\public\index.php(53): Illuminate\Foundation\Http\Kernel->handle(Object(Illuminate\Http\Request))
#20 E:\www\Laravel CMS Source Code\android\Laravel CMS Source Code-android\Source Code\index.php(21): require_once('E:\\www\\Laravel ...')
#21 {main}  
[2017-12-22 07:17:22] local.ERROR: PDOException: SQLSTATE[HY000] [1045] Access denied for user 'db_username'@'localhost' (using password: YES) in E:\www\Laravel CMS Source Code\android\Laravel CMS Source Code-android\Source Code\vendor\laravel\framework\src\Illuminate\Database\Connectors\Connector.php:68
Stack trace:
#0 E:\www\Laravel CMS Source Code\android\Laravel CMS Source Code-android\Source Code\vendor\laravel\framework\src\Illuminate\Database\Connectors\Connector.php(68): PDO->__construct('mysql:host=127....', 'db_username', 'db_password', Array)
#1 E:\www\Laravel CMS Source Code\android\Laravel CMS Source Code-android\Source Code\vendor\laravel\framework\src\Illuminate\Database\Connectors\Connector.php(43): Illuminate\Database\Connectors\Connector->createPdoConnection('mysql:host=127....', 'db_username', 'db_password', Array)
#2 E:\www\Laravel CMS Source Code\android\Laravel CMS Source Code-android\Source Code\vendor\laravel\framework\src\Illuminate\Database\Connectors\MySqlConnector.php(24): Illuminate\Database\Connectors\Connector->createConnection('mysql:host=127....', Array, Array)
#3 E:\www\Laravel CMS Source Code\android\Laravel CMS Source Code-android\Source Code\vendor\laravel\framework\src\Illuminate\Database\Connectors\ConnectionFactory.php(183): Illuminate\Database\Connectors\MySqlConnector->connect(Array)
#4 [internal function]: Illuminate\Database\Connectors\ConnectionFactory->Illuminate\Database\Connectors\{closure}()
#5 E:\www\Laravel CMS Source Code\android\Laravel CMS Source Code-android\Source Code\vendor\laravel\framework\src\Illuminate\Database\Connection.php(883): call_user_func(Object(Closure))
#6 E:\www\Laravel CMS Source Code\android\Laravel CMS Source Code-android\Source Code\vendor\laravel\framework\src\Illuminate\Database\Connection.php(904): Illuminate\Database\Connection->getPdo()
#7 E:\www\Laravel CMS Source Code\android\Laravel CMS Source Code-android\Source Code\vendor\laravel\framework\src\Illuminate\Database\Connection.php(392): Illuminate\Database\Connection->getReadPdo()
#8 E:\www\Laravel CMS Source Code\android\Laravel CMS Source Code-android\Source Code\vendor\laravel\framework\src\Illuminate\Database\Connection.php(318): Illuminate\Database\Connection->getPdoForSelect(true)
#9 E:\www\Laravel CMS Source Code\android\Laravel CMS Source Code-android\Source Code\vendor\laravel\framework\src\Illuminate\Database\Connection.php(640): Illuminate\Database\Connection->Illuminate\Database\{closure}('select * from `...', Array)
#10 E:\www\Laravel CMS Source Code\android\Laravel CMS Source Code-android\Source Code\vendor\laravel\framework\src\Illuminate\Database\Connection.php(607): Illuminate\Database\Connection->runQueryCallback('select * from `...', Array, Object(Closure))
#11 E:\www\Laravel CMS Source Code\android\Laravel CMS Source Code-android\Source Code\vendor\laravel\framework\src\Illuminate\Database\Connection.php(326): Illuminate\Database\Connection->run('select * from `...', Array, Object(Closure))
#12 E:\www\Laravel CMS Source Code\android\Laravel CMS Source Code-android\Source Code\vendor\laravel\framework\src\Illuminate\Database\Query\Builder.php(1705): Illuminate\Database\Connection->select('select * from `...', Array, true)
#13 E:\www\Laravel CMS Source Code\android\Laravel CMS Source Code-android\Source Code\vendor\laravel\framework\src\Illuminate\Database\Query\Builder.php(1690): Illuminate\Database\Query\Builder->runSelect()
#14 E:\www\Laravel CMS Source Code\android\Laravel CMS Source Code-android\Source Code\app\Providers\AppServiceProvider.php(22): Illuminate\Database\Query\Builder->get()
#15 [internal function]: App\Providers\AppServiceProvider->boot()
#16 E:\www\Laravel CMS Source Code\android\Laravel CMS Source Code-android\Source Code\vendor\laravel\framework\src\Illuminate\Container\BoundMethod.php(29): call_user_func_array(Array, Array)
#17 E:\www\Laravel CMS Source Code\android\Laravel CMS Source Code-android\Source Code\vendor\laravel\framework\src\Illuminate\Container\BoundMethod.php(87): Illuminate\Container\BoundMethod::Illuminate\Container\{closure}()
#18 E:\www\Laravel CMS Source Code\android\Laravel CMS Source Code-android\Source Code\vendor\laravel\framework\src\Illuminate\Container\BoundMethod.php(31): Illuminate\Container\BoundMethod::callBoundMethod(Object(Illuminate\Foundation\Application), Array, Object(Closure))
#19 E:\www\Laravel CMS Source Code\android\Laravel CMS Source Code-android\Source Code\vendor\laravel\framework\src\Illuminate\Container\Container.php(539): Illuminate\Container\BoundMethod::call(Object(Illuminate\Foundation\Application), Array, Array, NULL)
#20 E:\www\Laravel CMS Source Code\android\Laravel CMS Source Code-android\Source Code\vendor\laravel\framework\src\Illuminate\Foundation\Application.php(788): Illuminate\Container\Container->call(Array)
#21 E:\www\Laravel CMS Source Code\android\Laravel CMS Source Code-android\Source Code\vendor\laravel\framework\src\Illuminate\Foundation\Application.php(771): Illuminate\Foundation\Application->bootProvider(Object(App\Providers\AppServiceProvider))
#22 [internal function]: Illuminate\Foundation\Application->Illuminate\Foundation\{closure}(Object(App\Providers\AppServiceProvider), 14)
#23 E:\www\Laravel CMS Source Code\android\Laravel CMS Source Code-android\Source Code\vendor\laravel\framework\src\Illuminate\Foundation\Application.php(772): array_walk(Array, Object(Closure))
#24 E:\www\Laravel CMS Source Code\android\Laravel CMS Source Code-android\Source Code\vendor\laravel\framework\src\Illuminate\Foundation\Bootstrap\BootProviders.php(17): Illuminate\Foundation\Application->boot()
#25 E:\www\Laravel CMS Source Code\android\Laravel CMS Source Code-android\Source Code\vendor\laravel\framework\src\Illuminate\Foundation\Application.php(208): Illuminate\Foundation\Bootstrap\BootProviders->bootstrap(Object(Illuminate\Foundation\Application))
#26 E:\www\Laravel CMS Source Code\android\Laravel CMS Source Code-android\Source Code\vendor\laravel\framework\src\Illuminate\Foundation\Http\Kernel.php(162): Illuminate\Foundation\Application->bootstrapWith(Array)
#27 E:\www\Laravel CMS Source Code\android\Laravel CMS Source Code-android\Source Code\vendor\laravel\framework\src\Illuminate\Foundation\Http\Kernel.php(146): Illuminate\Foundation\Http\Kernel->bootstrap()
#28 E:\www\Laravel CMS Source Code\android\Laravel CMS Source Code-android\Source Code\vendor\laravel\framework\src\Illuminate\Foundation\Http\Kernel.php(116): Illuminate\Foundation\Http\Kernel->sendRequestThroughRouter(Object(Illuminate\Http\Request))
#29 E:\www\Laravel CMS Source Code\android\Laravel CMS Source Code-android\Source Code\public\index.php(53): Illuminate\Foundation\Http\Kernel->handle(Object(Illuminate\Http\Request))
#30 E:\www\Laravel CMS Source Code\android\Laravel CMS Source Code-android\Source Code\index.php(21): require_once('E:\\www\\Laravel ...')
#31 {main}  
[2017-12-22 07:17:22] local.ERROR: PDOException: SQLSTATE[HY000] [1045] Access denied for user 'db_username'@'localhost' (using password: YES) in E:\www\Laravel CMS Source Code\android\Laravel CMS Source Code-android\Source Code\vendor\laravel\framework\src\Illuminate\Database\Connectors\Connector.php:68
Stack trace:
#0 E:\www\Laravel CMS Source Code\android\Laravel CMS Source Code-android\Source Code\vendor\laravel\framework\src\Illuminate\Database\Connectors\Connector.php(68): PDO->__construct('mysql:host=127....', 'db_username', 'db_password', Array)
#1 E:\www\Laravel CMS Source Code\android\Laravel CMS Source Code-android\Source Code\vendor\laravel\framework\src\Illuminate\Database\Connectors\Connector.php(43): Illuminate\Database\Connectors\Connector->createPdoConnection('mysql:host=127....', 'db_username', 'db_password', Array)
#2 E:\www\Laravel CMS Source Code\android\Laravel CMS Source Code-android\Source Code\vendor\laravel\framework\src\Illuminate\Database\Connectors\MySqlConnector.php(24): Illuminate\Database\Connectors\Connector->createConnection('mysql:host=127....', Array, Array)
#3 E:\www\Laravel CMS Source Code\android\Laravel CMS Source Code-android\Source Code\vendor\laravel\framework\src\Illuminate\Database\Connectors\ConnectionFactory.php(183): Illuminate\Database\Connectors\MySqlConnector->connect(Array)
#4 [internal function]: Illuminate\Database\Connectors\ConnectionFactory->Illuminate\Database\Connectors\{closure}()
#5 E:\www\Laravel CMS Source Code\android\Laravel CMS Source Code-android\Source Code\vendor\laravel\framework\src\Illuminate\Database\Connection.php(883): call_user_func(Object(Closure))
#6 E:\www\Laravel CMS Source Code\android\Laravel CMS Source Code-android\Source Code\vendor\laravel\framework\src\Illuminate\Database\Connection.php(904): Illuminate\Database\Connection->getPdo()
#7 E:\www\Laravel CMS Source Code\android\Laravel CMS Source Code-android\Source Code\vendor\laravel\framework\src\Illuminate\Database\Connection.php(392): Illuminate\Database\Connection->getReadPdo()
#8 E:\www\Laravel CMS Source Code\android\Laravel CMS Source Code-android\Source Code\vendor\laravel\framework\src\Illuminate\Database\Connection.php(318): Illuminate\Database\Connection->getPdoForSelect(true)
#9 E:\www\Laravel CMS Source Code\android\Laravel CMS Source Code-android\Source Code\vendor\laravel\framework\src\Illuminate\Database\Connection.php(640): Illuminate\Database\Connection->Illuminate\Database\{closure}('select * from `...', Array)
#10 E:\www\Laravel CMS Source Code\android\Laravel CMS Source Code-android\Source Code\vendor\laravel\framework\src\Illuminate\Database\Connection.php(607): Illuminate\Database\Connection->runQueryCallback('select * from `...', Array, Object(Closure))
#11 E:\www\Laravel CMS Source Code\android\Laravel CMS Source Code-android\Source Code\vendor\laravel\framework\src\Illuminate\Database\Connection.php(326): Illuminate\Database\Connection->run('select * from `...', Array, Object(Closure))
#12 E:\www\Laravel CMS Source Code\android\Laravel CMS Source Code-android\Source Code\vendor\laravel\framework\src\Illuminate\Database\Query\Builder.php(1705): Illuminate\Database\Connection->select('select * from `...', Array, true)
#13 E:\www\Laravel CMS Source Code\android\Laravel CMS Source Code-android\Source Code\vendor\laravel\framework\src\Illuminate\Database\Query\Builder.php(1690): Illuminate\Database\Query\Builder->runSelect()
#14 E:\www\Laravel CMS Source Code\android\Laravel CMS Source Code-android\Source Code\app\Providers\AppServiceProvider.php(22): Illuminate\Database\Query\Builder->get()
#15 [internal function]: App\Providers\AppServiceProvider->boot()
#16 E:\www\Laravel CMS Source Code\android\Laravel CMS Source Code-android\Source Code\vendor\laravel\framework\src\Illuminate\Container\BoundMethod.php(29): call_user_func_array(Array, Array)
#17 E:\www\Laravel CMS Source Code\android\Laravel CMS Source Code-android\Source Code\vendor\laravel\framework\src\Illuminate\Container\BoundMethod.php(87): Illuminate\Container\BoundMethod::Illuminate\Container\{closure}()
#18 E:\www\Laravel CMS Source Code\android\Laravel CMS Source Code-android\Source Code\vendor\laravel\framework\src\Illuminate\Container\BoundMethod.php(31): Illuminate\Container\BoundMethod::callBoundMethod(Object(Illuminate\Foundation\Application), Array, Object(Closure))
#19 E:\www\Laravel CMS Source Code\android\Laravel CMS Source Code-android\Source Code\vendor\laravel\framework\src\Illuminate\Container\Container.php(539): Illuminate\Container\BoundMethod::call(Object(Illuminate\Foundation\Application), Array, Array, NULL)
#20 E:\www\Laravel CMS Source Code\android\Laravel CMS Source Code-android\Source Code\vendor\laravel\framework\src\Illuminate\Foundation\Application.php(788): Illuminate\Container\Container->call(Array)
#21 E:\www\Laravel CMS Source Code\android\Laravel CMS Source Code-android\Source Code\vendor\laravel\framework\src\Illuminate\Foundation\Application.php(771): Illuminate\Foundation\Application->bootProvider(Object(App\Providers\AppServiceProvider))
#22 [internal function]: Illuminate\Foundation\Application->Illuminate\Foundation\{closure}(Object(App\Providers\AppServiceProvider), 14)
#23 E:\www\Laravel CMS Source Code\android\Laravel CMS Source Code-android\Source Code\vendor\laravel\framework\src\Illuminate\Foundation\Application.php(772): array_walk(Array, Object(Closure))
#24 E:\www\Laravel CMS Source Code\android\Laravel CMS Source Code-android\Source Code\vendor\laravel\framework\src\Illuminate\Foundation\Bootstrap\BootProviders.php(17): Illuminate\Foundation\Application->boot()
#25 E:\www\Laravel CMS Source Code\android\Laravel CMS Source Code-android\Source Code\vendor\laravel\framework\src\Illuminate\Foundation\Application.php(208): Illuminate\Foundation\Bootstrap\BootProviders->bootstrap(Object(Illuminate\Foundation\Application))
#26 E:\www\Laravel CMS Source Code\android\Laravel CMS Source Code-android\Source Code\vendor\laravel\framework\src\Illuminate\Foundation\Http\Kernel.php(162): Illuminate\Foundation\Application->bootstrapWith(Array)
#27 E:\www\Laravel CMS Source Code\android\Laravel CMS Source Code-android\Source Code\vendor\laravel\framework\src\Illuminate\Foundation\Http\Kernel.php(146): Illuminate\Foundation\Http\Kernel->bootstrap()
#28 E:\www\Laravel CMS Source Code\android\Laravel CMS Source Code-android\Source Code\vendor\laravel\framework\src\Illuminate\Foundation\Http\Kernel.php(116): Illuminate\Foundation\Http\Kernel->sendRequestThroughRouter(Object(Illuminate\Http\Request))
#29 E:\www\Laravel CMS Source Code\android\Laravel CMS Source Code-android\Source Code\public\index.php(53): Illuminate\Foundation\Http\Kernel->handle(Object(Illuminate\Http\Request))
#30 E:\www\Laravel CMS Source Code\android\Laravel CMS Source Code-android\Source Code\index.php(21): require_once('E:\\www\\Laravel ...')
#31 {main}

Next Illuminate\Database\QueryException: SQLSTATE[HY000] [1045] Access denied for user 'db_username'@'localhost' (using password: YES) (SQL: select * from `orders` left join `customers` on `customers`.`customers_id` = `orders`.`customers_id` where `orders`.`is_seen` = 0 order by `orders_id` desc) in E:\www\Laravel CMS Source Code\android\Laravel CMS Source Code-android\Source Code\vendor\laravel\framework\src\Illuminate\Database\Connection.php:647
Stack trace:
#0 E:\www\Laravel CMS Source Code\android\Laravel CMS Source Code-android\Source Code\vendor\laravel\framework\src\Illuminate\Database\Connection.php(607): Illuminate\Database\Connection->runQueryCallback('select * from `...', Array, Object(Closure))
#1 E:\www\Laravel CMS Source Code\android\Laravel CMS Source Code-android\Source Code\vendor\laravel\framework\src\Illuminate\Database\Connection.php(326): Illuminate\Database\Connection->run('select * from `...', Array, Object(Closure))
#2 E:\www\Laravel CMS Source Code\android\Laravel CMS Source Code-android\Source Code\vendor\laravel\framework\src\Illuminate\Database\Query\Builder.php(1705): Illuminate\Database\Connection->select('select * from `...', Array, true)
#3 E:\www\Laravel CMS Source Code\android\Laravel CMS Source Code-android\Source Code\vendor\laravel\framework\src\Illuminate\Database\Query\Builder.php(1690): Illuminate\Database\Query\Builder->runSelect()
#4 E:\www\Laravel CMS Source Code\android\Laravel CMS Source Code-android\Source Code\app\Providers\AppServiceProvider.php(22): Illuminate\Database\Query\Builder->get()
#5 [internal function]: App\Providers\AppServiceProvider->boot()
#6 E:\www\Laravel CMS Source Code\android\Laravel CMS Source Code-android\Source Code\vendor\laravel\framework\src\Illuminate\Container\BoundMethod.php(29): call_user_func_array(Array, Array)
#7 E:\www\Laravel CMS Source Code\android\Laravel CMS Source Code-android\Source Code\vendor\laravel\framework\src\Illuminate\Container\BoundMethod.php(87): Illuminate\Container\BoundMethod::Illuminate\Container\{closure}()
#8 E:\www\Laravel CMS Source Code\android\Laravel CMS Source Code-android\Source Code\vendor\laravel\framework\src\Illuminate\Container\BoundMethod.php(31): Illuminate\Container\BoundMethod::callBoundMethod(Object(Illuminate\Foundation\Application), Array, Object(Closure))
#9 E:\www\Laravel CMS Source Code\android\Laravel CMS Source Code-android\Source Code\vendor\laravel\framework\src\Illuminate\Container\Container.php(539): Illuminate\Container\BoundMethod::call(Object(Illuminate\Foundation\Application), Array, Array, NULL)
#10 E:\www\Laravel CMS Source Code\android\Laravel CMS Source Code-android\Source Code\vendor\laravel\framework\src\Illuminate\Foundation\Application.php(788): Illuminate\Container\Container->call(Array)
#11 E:\www\Laravel CMS Source Code\android\Laravel CMS Source Code-android\Source Code\vendor\laravel\framework\src\Illuminate\Foundation\Application.php(771): Illuminate\Foundation\Application->bootProvider(Object(App\Providers\AppServiceProvider))
#12 [internal function]: Illuminate\Foundation\Application->Illuminate\Foundation\{closure}(Object(App\Providers\AppServiceProvider), 14)
#13 E:\www\Laravel CMS Source Code\android\Laravel CMS Source Code-android\Source Code\vendor\laravel\framework\src\Illuminate\Foundation\Application.php(772): array_walk(Array, Object(Closure))
#14 E:\www\Laravel CMS Source Code\android\Laravel CMS Source Code-android\Source Code\vendor\laravel\framework\src\Illuminate\Foundation\Bootstrap\BootProviders.php(17): Illuminate\Foundation\Application->boot()
#15 E:\www\Laravel CMS Source Code\android\Laravel CMS Source Code-android\Source Code\vendor\laravel\framework\src\Illuminate\Foundation\Application.php(208): Illuminate\Foundation\Bootstrap\BootProviders->bootstrap(Object(Illuminate\Foundation\Application))
#16 E:\www\Laravel CMS Source Code\android\Laravel CMS Source Code-android\Source Code\vendor\laravel\framework\src\Illuminate\Foundation\Http\Kernel.php(162): Illuminate\Foundation\Application->bootstrapWith(Array)
#17 E:\www\Laravel CMS Source Code\android\Laravel CMS Source Code-android\Source Code\vendor\laravel\framework\src\Illuminate\Foundation\Http\Kernel.php(146): Illuminate\Foundation\Http\Kernel->bootstrap()
#18 E:\www\Laravel CMS Source Code\android\Laravel CMS Source Code-android\Source Code\vendor\laravel\framework\src\Illuminate\Foundation\Http\Kernel.php(116): Illuminate\Foundation\Http\Kernel->sendRequestThroughRouter(Object(Illuminate\Http\Request))
#19 E:\www\Laravel CMS Source Code\android\Laravel CMS Source Code-android\Source Code\public\index.php(53): Illuminate\Foundation\Http\Kernel->handle(Object(Illuminate\Http\Request))
#20 E:\www\Laravel CMS Source Code\android\Laravel CMS Source Code-android\Source Code\index.php(21): require_once('E:\\www\\Laravel ...')
#21 {main}  
[2017-12-28 12:44:48] local.ERROR: PDOException: SQLSTATE[HY000] [1045] Access denied for user 'db_username'@'localhost' (using password: YES) in E:\www\Laravel CMS Source Code\android\Laravel CMS Source Code-android\Source Code\vendor\laravel\framework\src\Illuminate\Database\Connectors\Connector.php:68
Stack trace:
#0 E:\www\Laravel CMS Source Code\android\Laravel CMS Source Code-android\Source Code\vendor\laravel\framework\src\Illuminate\Database\Connectors\Connector.php(68): PDO->__construct('mysql:host=127....', 'db_username', 'db_password', Array)
#1 E:\www\Laravel CMS Source Code\android\Laravel CMS Source Code-android\Source Code\vendor\laravel\framework\src\Illuminate\Database\Connectors\Connector.php(43): Illuminate\Database\Connectors\Connector->createPdoConnection('mysql:host=127....', 'db_username', 'db_password', Array)
#2 E:\www\Laravel CMS Source Code\android\Laravel CMS Source Code-android\Source Code\vendor\laravel\framework\src\Illuminate\Database\Connectors\MySqlConnector.php(24): Illuminate\Database\Connectors\Connector->createConnection('mysql:host=127....', Array, Array)
#3 E:\www\Laravel CMS Source Code\android\Laravel CMS Source Code-android\Source Code\vendor\laravel\framework\src\Illuminate\Database\Connectors\ConnectionFactory.php(183): Illuminate\Database\Connectors\MySqlConnector->connect(Array)
#4 [internal function]: Illuminate\Database\Connectors\ConnectionFactory->Illuminate\Database\Connectors\{closure}()
#5 E:\www\Laravel CMS Source Code\android\Laravel CMS Source Code-android\Source Code\vendor\laravel\framework\src\Illuminate\Database\Connection.php(883): call_user_func(Object(Closure))
#6 E:\www\Laravel CMS Source Code\android\Laravel CMS Source Code-android\Source Code\vendor\laravel\framework\src\Illuminate\Database\Connection.php(904): Illuminate\Database\Connection->getPdo()
#7 E:\www\Laravel CMS Source Code\android\Laravel CMS Source Code-android\Source Code\vendor\laravel\framework\src\Illuminate\Database\Connection.php(392): Illuminate\Database\Connection->getReadPdo()
#8 E:\www\Laravel CMS Source Code\android\Laravel CMS Source Code-android\Source Code\vendor\laravel\framework\src\Illuminate\Database\Connection.php(318): Illuminate\Database\Connection->getPdoForSelect(true)
#9 E:\www\Laravel CMS Source Code\android\Laravel CMS Source Code-android\Source Code\vendor\laravel\framework\src\Illuminate\Database\Connection.php(640): Illuminate\Database\Connection->Illuminate\Database\{closure}('select * from `...', Array)
#10 E:\www\Laravel CMS Source Code\android\Laravel CMS Source Code-android\Source Code\vendor\laravel\framework\src\Illuminate\Database\Connection.php(607): Illuminate\Database\Connection->runQueryCallback('select * from `...', Array, Object(Closure))
#11 E:\www\Laravel CMS Source Code\android\Laravel CMS Source Code-android\Source Code\vendor\laravel\framework\src\Illuminate\Database\Connection.php(326): Illuminate\Database\Connection->run('select * from `...', Array, Object(Closure))
#12 E:\www\Laravel CMS Source Code\android\Laravel CMS Source Code-android\Source Code\vendor\laravel\framework\src\Illuminate\Database\Query\Builder.php(1705): Illuminate\Database\Connection->select('select * from `...', Array, true)
#13 E:\www\Laravel CMS Source Code\android\Laravel CMS Source Code-android\Source Code\vendor\laravel\framework\src\Illuminate\Database\Query\Builder.php(1690): Illuminate\Database\Query\Builder->runSelect()
#14 E:\www\Laravel CMS Source Code\android\Laravel CMS Source Code-android\Source Code\app\Providers\AppServiceProvider.php(22): Illuminate\Database\Query\Builder->get()
#15 [internal function]: App\Providers\AppServiceProvider->boot()
#16 E:\www\Laravel CMS Source Code\android\Laravel CMS Source Code-android\Source Code\vendor\laravel\framework\src\Illuminate\Container\BoundMethod.php(29): call_user_func_array(Array, Array)
#17 E:\www\Laravel CMS Source Code\android\Laravel CMS Source Code-android\Source Code\vendor\laravel\framework\src\Illuminate\Container\BoundMethod.php(87): Illuminate\Container\BoundMethod::Illuminate\Container\{closure}()
#18 E:\www\Laravel CMS Source Code\android\Laravel CMS Source Code-android\Source Code\vendor\laravel\framework\src\Illuminate\Container\BoundMethod.php(31): Illuminate\Container\BoundMethod::callBoundMethod(Object(Illuminate\Foundation\Application), Array, Object(Closure))
#19 E:\www\Laravel CMS Source Code\android\Laravel CMS Source Code-android\Source Code\vendor\laravel\framework\src\Illuminate\Container\Container.php(539): Illuminate\Container\BoundMethod::call(Object(Illuminate\Foundation\Application), Array, Array, NULL)
#20 E:\www\Laravel CMS Source Code\android\Laravel CMS Source Code-android\Source Code\vendor\laravel\framework\src\Illuminate\Foundation\Application.php(788): Illuminate\Container\Container->call(Array)
#21 E:\www\Laravel CMS Source Code\android\Laravel CMS Source Code-android\Source Code\vendor\laravel\framework\src\Illuminate\Foundation\Application.php(771): Illuminate\Foundation\Application->bootProvider(Object(App\Providers\AppServiceProvider))
#22 [internal function]: Illuminate\Foundation\Application->Illuminate\Foundation\{closure}(Object(App\Providers\AppServiceProvider), 14)
#23 E:\www\Laravel CMS Source Code\android\Laravel CMS Source Code-android\Source Code\vendor\laravel\framework\src\Illuminate\Foundation\Application.php(772): array_walk(Array, Object(Closure))
#24 E:\www\Laravel CMS Source Code\android\Laravel CMS Source Code-android\Source Code\vendor\laravel\framework\src\Illuminate\Foundation\Bootstrap\BootProviders.php(17): Illuminate\Foundation\Application->boot()
#25 E:\www\Laravel CMS Source Code\android\Laravel CMS Source Code-android\Source Code\vendor\laravel\framework\src\Illuminate\Foundation\Application.php(208): Illuminate\Foundation\Bootstrap\BootProviders->bootstrap(Object(Illuminate\Foundation\Application))
#26 E:\www\Laravel CMS Source Code\android\Laravel CMS Source Code-android\Source Code\vendor\laravel\framework\src\Illuminate\Foundation\Http\Kernel.php(162): Illuminate\Foundation\Application->bootstrapWith(Array)
#27 E:\www\Laravel CMS Source Code\android\Laravel CMS Source Code-android\Source Code\vendor\laravel\framework\src\Illuminate\Foundation\Http\Kernel.php(146): Illuminate\Foundation\Http\Kernel->bootstrap()
#28 E:\www\Laravel CMS Source Code\android\Laravel CMS Source Code-android\Source Code\vendor\laravel\framework\src\Illuminate\Foundation\Http\Kernel.php(116): Illuminate\Foundation\Http\Kernel->sendRequestThroughRouter(Object(Illuminate\Http\Request))
#29 E:\www\Laravel CMS Source Code\android\Laravel CMS Source Code-android\Source Code\public\index.php(53): Illuminate\Foundation\Http\Kernel->handle(Object(Illuminate\Http\Request))
#30 E:\www\Laravel CMS Source Code\android\Laravel CMS Source Code-android\Source Code\index.php(21): require_once('E:\\www\\Laravel ...')
#31 {main}  
[2017-12-28 12:44:48] local.ERROR: PDOException: SQLSTATE[HY000] [1045] Access denied for user 'db_username'@'localhost' (using password: YES) in E:\www\Laravel CMS Source Code\android\Laravel CMS Source Code-android\Source Code\vendor\laravel\framework\src\Illuminate\Database\Connectors\Connector.php:68
Stack trace:
#0 E:\www\Laravel CMS Source Code\android\Laravel CMS Source Code-android\Source Code\vendor\laravel\framework\src\Illuminate\Database\Connectors\Connector.php(68): PDO->__construct('mysql:host=127....', 'db_username', 'db_password', Array)
#1 E:\www\Laravel CMS Source Code\android\Laravel CMS Source Code-android\Source Code\vendor\laravel\framework\src\Illuminate\Database\Connectors\Connector.php(43): Illuminate\Database\Connectors\Connector->createPdoConnection('mysql:host=127....', 'db_username', 'db_password', Array)
#2 E:\www\Laravel CMS Source Code\android\Laravel CMS Source Code-android\Source Code\vendor\laravel\framework\src\Illuminate\Database\Connectors\MySqlConnector.php(24): Illuminate\Database\Connectors\Connector->createConnection('mysql:host=127....', Array, Array)
#3 E:\www\Laravel CMS Source Code\android\Laravel CMS Source Code-android\Source Code\vendor\laravel\framework\src\Illuminate\Database\Connectors\ConnectionFactory.php(183): Illuminate\Database\Connectors\MySqlConnector->connect(Array)
#4 [internal function]: Illuminate\Database\Connectors\ConnectionFactory->Illuminate\Database\Connectors\{closure}()
#5 E:\www\Laravel CMS Source Code\android\Laravel CMS Source Code-android\Source Code\vendor\laravel\framework\src\Illuminate\Database\Connection.php(883): call_user_func(Object(Closure))
#6 E:\www\Laravel CMS Source Code\android\Laravel CMS Source Code-android\Source Code\vendor\laravel\framework\src\Illuminate\Database\Connection.php(904): Illuminate\Database\Connection->getPdo()
#7 E:\www\Laravel CMS Source Code\android\Laravel CMS Source Code-android\Source Code\vendor\laravel\framework\src\Illuminate\Database\Connection.php(392): Illuminate\Database\Connection->getReadPdo()
#8 E:\www\Laravel CMS Source Code\android\Laravel CMS Source Code-android\Source Code\vendor\laravel\framework\src\Illuminate\Database\Connection.php(318): Illuminate\Database\Connection->getPdoForSelect(true)
#9 E:\www\Laravel CMS Source Code\android\Laravel CMS Source Code-android\Source Code\vendor\laravel\framework\src\Illuminate\Database\Connection.php(640): Illuminate\Database\Connection->Illuminate\Database\{closure}('select * from `...', Array)
#10 E:\www\Laravel CMS Source Code\android\Laravel CMS Source Code-android\Source Code\vendor\laravel\framework\src\Illuminate\Database\Connection.php(607): Illuminate\Database\Connection->runQueryCallback('select * from `...', Array, Object(Closure))
#11 E:\www\Laravel CMS Source Code\android\Laravel CMS Source Code-android\Source Code\vendor\laravel\framework\src\Illuminate\Database\Connection.php(326): Illuminate\Database\Connection->run('select * from `...', Array, Object(Closure))
#12 E:\www\Laravel CMS Source Code\android\Laravel CMS Source Code-android\Source Code\vendor\laravel\framework\src\Illuminate\Database\Query\Builder.php(1705): Illuminate\Database\Connection->select('select * from `...', Array, true)
#13 E:\www\Laravel CMS Source Code\android\Laravel CMS Source Code-android\Source Code\vendor\laravel\framework\src\Illuminate\Database\Query\Builder.php(1690): Illuminate\Database\Query\Builder->runSelect()
#14 E:\www\Laravel CMS Source Code\android\Laravel CMS Source Code-android\Source Code\app\Providers\AppServiceProvider.php(22): Illuminate\Database\Query\Builder->get()
#15 [internal function]: App\Providers\AppServiceProvider->boot()
#16 E:\www\Laravel CMS Source Code\android\Laravel CMS Source Code-android\Source Code\vendor\laravel\framework\src\Illuminate\Container\BoundMethod.php(29): call_user_func_array(Array, Array)
#17 E:\www\Laravel CMS Source Code\android\Laravel CMS Source Code-android\Source Code\vendor\laravel\framework\src\Illuminate\Container\BoundMethod.php(87): Illuminate\Container\BoundMethod::Illuminate\Container\{closure}()
#18 E:\www\Laravel CMS Source Code\android\Laravel CMS Source Code-android\Source Code\vendor\laravel\framework\src\Illuminate\Container\BoundMethod.php(31): Illuminate\Container\BoundMethod::callBoundMethod(Object(Illuminate\Foundation\Application), Array, Object(Closure))
#19 E:\www\Laravel CMS Source Code\android\Laravel CMS Source Code-android\Source Code\vendor\laravel\framework\src\Illuminate\Container\Container.php(539): Illuminate\Container\BoundMethod::call(Object(Illuminate\Foundation\Application), Array, Array, NULL)
#20 E:\www\Laravel CMS Source Code\android\Laravel CMS Source Code-android\Source Code\vendor\laravel\framework\src\Illuminate\Foundation\Application.php(788): Illuminate\Container\Container->call(Array)
#21 E:\www\Laravel CMS Source Code\android\Laravel CMS Source Code-android\Source Code\vendor\laravel\framework\src\Illuminate\Foundation\Application.php(771): Illuminate\Foundation\Application->bootProvider(Object(App\Providers\AppServiceProvider))
#22 [internal function]: Illuminate\Foundation\Application->Illuminate\Foundation\{closure}(Object(App\Providers\AppServiceProvider), 14)
#23 E:\www\Laravel CMS Source Code\android\Laravel CMS Source Code-android\Source Code\vendor\laravel\framework\src\Illuminate\Foundation\Application.php(772): array_walk(Array, Object(Closure))
#24 E:\www\Laravel CMS Source Code\android\Laravel CMS Source Code-android\Source Code\vendor\laravel\framework\src\Illuminate\Foundation\Bootstrap\BootProviders.php(17): Illuminate\Foundation\Application->boot()
#25 E:\www\Laravel CMS Source Code\android\Laravel CMS Source Code-android\Source Code\vendor\laravel\framework\src\Illuminate\Foundation\Application.php(208): Illuminate\Foundation\Bootstrap\BootProviders->bootstrap(Object(Illuminate\Foundation\Application))
#26 E:\www\Laravel CMS Source Code\android\Laravel CMS Source Code-android\Source Code\vendor\laravel\framework\src\Illuminate\Foundation\Http\Kernel.php(162): Illuminate\Foundation\Application->bootstrapWith(Array)
#27 E:\www\Laravel CMS Source Code\android\Laravel CMS Source Code-android\Source Code\vendor\laravel\framework\src\Illuminate\Foundation\Http\Kernel.php(146): Illuminate\Foundation\Http\Kernel->bootstrap()
#28 E:\www\Laravel CMS Source Code\android\Laravel CMS Source Code-android\Source Code\vendor\laravel\framework\src\Illuminate\Foundation\Http\Kernel.php(116): Illuminate\Foundation\Http\Kernel->sendRequestThroughRouter(Object(Illuminate\Http\Request))
#29 E:\www\Laravel CMS Source Code\android\Laravel CMS Source Code-android\Source Code\public\index.php(53): Illuminate\Foundation\Http\Kernel->handle(Object(Illuminate\Http\Request))
#30 E:\www\Laravel CMS Source Code\android\Laravel CMS Source Code-android\Source Code\index.php(21): require_once('E:\\www\\Laravel ...')
#31 {main}

Next Illuminate\Database\QueryException: SQLSTATE[HY000] [1045] Access denied for user 'db_username'@'localhost' (using password: YES) (SQL: select * from `orders` left join `customers` on `customers`.`customers_id` = `orders`.`customers_id` where `orders`.`is_seen` = 0 order by `orders_id` desc) in E:\www\Laravel CMS Source Code\android\Laravel CMS Source Code-android\Source Code\vendor\laravel\framework\src\Illuminate\Database\Connection.php:647
Stack trace:
#0 E:\www\Laravel CMS Source Code\android\Laravel CMS Source Code-android\Source Code\vendor\laravel\framework\src\Illuminate\Database\Connection.php(607): Illuminate\Database\Connection->runQueryCallback('select * from `...', Array, Object(Closure))
#1 E:\www\Laravel CMS Source Code\android\Laravel CMS Source Code-android\Source Code\vendor\laravel\framework\src\Illuminate\Database\Connection.php(326): Illuminate\Database\Connection->run('select * from `...', Array, Object(Closure))
#2 E:\www\Laravel CMS Source Code\android\Laravel CMS Source Code-android\Source Code\vendor\laravel\framework\src\Illuminate\Database\Query\Builder.php(1705): Illuminate\Database\Connection->select('select * from `...', Array, true)
#3 E:\www\Laravel CMS Source Code\android\Laravel CMS Source Code-android\Source Code\vendor\laravel\framework\src\Illuminate\Database\Query\Builder.php(1690): Illuminate\Database\Query\Builder->runSelect()
#4 E:\www\Laravel CMS Source Code\android\Laravel CMS Source Code-android\Source Code\app\Providers\AppServiceProvider.php(22): Illuminate\Database\Query\Builder->get()
#5 [internal function]: App\Providers\AppServiceProvider->boot()
#6 E:\www\Laravel CMS Source Code\android\Laravel CMS Source Code-android\Source Code\vendor\laravel\framework\src\Illuminate\Container\BoundMethod.php(29): call_user_func_array(Array, Array)
#7 E:\www\Laravel CMS Source Code\android\Laravel CMS Source Code-android\Source Code\vendor\laravel\framework\src\Illuminate\Container\BoundMethod.php(87): Illuminate\Container\BoundMethod::Illuminate\Container\{closure}()
#8 E:\www\Laravel CMS Source Code\android\Laravel CMS Source Code-android\Source Code\vendor\laravel\framework\src\Illuminate\Container\BoundMethod.php(31): Illuminate\Container\BoundMethod::callBoundMethod(Object(Illuminate\Foundation\Application), Array, Object(Closure))
#9 E:\www\Laravel CMS Source Code\android\Laravel CMS Source Code-android\Source Code\vendor\laravel\framework\src\Illuminate\Container\Container.php(539): Illuminate\Container\BoundMethod::call(Object(Illuminate\Foundation\Application), Array, Array, NULL)
#10 E:\www\Laravel CMS Source Code\android\Laravel CMS Source Code-android\Source Code\vendor\laravel\framework\src\Illuminate\Foundation\Application.php(788): Illuminate\Container\Container->call(Array)
#11 E:\www\Laravel CMS Source Code\android\Laravel CMS Source Code-android\Source Code\vendor\laravel\framework\src\Illuminate\Foundation\Application.php(771): Illuminate\Foundation\Application->bootProvider(Object(App\Providers\AppServiceProvider))
#12 [internal function]: Illuminate\Foundation\Application->Illuminate\Foundation\{closure}(Object(App\Providers\AppServiceProvider), 14)
#13 E:\www\Laravel CMS Source Code\android\Laravel CMS Source Code-android\Source Code\vendor\laravel\framework\src\Illuminate\Foundation\Application.php(772): array_walk(Array, Object(Closure))
#14 E:\www\Laravel CMS Source Code\android\Laravel CMS Source Code-android\Source Code\vendor\laravel\framework\src\Illuminate\Foundation\Bootstrap\BootProviders.php(17): Illuminate\Foundation\Application->boot()
#15 E:\www\Laravel CMS Source Code\android\Laravel CMS Source Code-android\Source Code\vendor\laravel\framework\src\Illuminate\Foundation\Application.php(208): Illuminate\Foundation\Bootstrap\BootProviders->bootstrap(Object(Illuminate\Foundation\Application))
#16 E:\www\Laravel CMS Source Code\android\Laravel CMS Source Code-android\Source Code\vendor\laravel\framework\src\Illuminate\Foundation\Http\Kernel.php(162): Illuminate\Foundation\Application->bootstrapWith(Array)
#17 E:\www\Laravel CMS Source Code\android\Laravel CMS Source Code-android\Source Code\vendor\laravel\framework\src\Illuminate\Foundation\Http\Kernel.php(146): Illuminate\Foundation\Http\Kernel->bootstrap()
#18 E:\www\Laravel CMS Source Code\android\Laravel CMS Source Code-android\Source Code\vendor\laravel\framework\src\Illuminate\Foundation\Http\Kernel.php(116): Illuminate\Foundation\Http\Kernel->sendRequestThroughRouter(Object(Illuminate\Http\Request))
#19 E:\www\Laravel CMS Source Code\android\Laravel CMS Source Code-android\Source Code\public\index.php(53): Illuminate\Foundation\Http\Kernel->handle(Object(Illuminate\Http\Request))
#20 E:\www\Laravel CMS Source Code\android\Laravel CMS Source Code-android\Source Code\index.php(21): require_once('E:\\www\\Laravel ...')
#21 {main}  
